;  LST file generated by mikroListExporter - v.2.0 
; Date/Time: 12/12/2014 11:56:00 PM
;----------------------------------------------

;Address Opcode 	ASM
0x0000	0x29F0      	GOTO       496
_SETFOV32:
;__Lib_MathDouble.c,79 :: 		
;__Lib_MathDouble.c,86 :: 		
0x0003	0x14FB      	BSF        R11, 1
;__Lib_MathDouble.c,87 :: 		
0x0004	0x1FFB      	BTFSS      R11, 7
;__Lib_MathDouble.c,88 :: 		
0x0005	0x280D      	GOTO       SETFOV32EEE
;__Lib_MathDouble.c,89 :: 		
0x0006	0x30FF      	MOVLW      255
;__Lib_MathDouble.c,90 :: 		
0x0007	0x00F3      	MOVWF      R3
;__Lib_MathDouble.c,91 :: 		
0x0008	0x00F2      	MOVWF      R2
;__Lib_MathDouble.c,92 :: 		
0x0009	0x00F1      	MOVWF      R1
;__Lib_MathDouble.c,93 :: 		
0x000A	0x00F0      	MOVWF      R0
;__Lib_MathDouble.c,94 :: 		
0x000B	0x0DFA      	RLF        R10, 1
;__Lib_MathDouble.c,95 :: 		
0x000C	0x0CF2      	RRF        R2, 1
;__Lib_MathDouble.c,96 :: 		
SETFOV32EEE:
;__Lib_MathDouble.c,97 :: 		
0x000D	0x30FF      	MOVLW      255
;__Lib_MathDouble.c,99 :: 		
L_end_SETFOV32:
0x000E	0x0008      	RETURN
; end of _SETFOV32
_Mul_16x16_U:
;__Lib_Math.c,136 :: 		
;__Lib_Math.c,143 :: 		
0x000F	0x1283      	BCF        STATUS, 5
;__Lib_Math.c,144 :: 		
0x0010	0x1303      	BCF        STATUS, 6
;__Lib_Math.c,145 :: 		
0x0011	0x01FB      	CLRF       R11
;__Lib_Math.c,146 :: 		
0x0012	0x01FA      	CLRF       R10
;__Lib_Math.c,147 :: 		
0x0013	0x01F9      	CLRF       R9
;__Lib_Math.c,148 :: 		
0x0014	0x3080      	MOVLW      128
;__Lib_Math.c,149 :: 		
0x0015	0x00F8      	MOVWF      R8
;__Lib_Math.c,150 :: 		
0x0016	0x0CF1      	RRF        R1, 1
;__Lib_Math.c,151 :: 		
0x0017	0x0CF0      	RRF        R0, 1
;__Lib_Math.c,152 :: 		
0x0018	0x1C03      	BTFSS      STATUS, 0
;__Lib_Math.c,153 :: 		
0x0019	0x2823      	GOTO       $+10
;__Lib_Math.c,154 :: 		
0x001A	0x0874      	MOVF       R4, 0
;__Lib_Math.c,155 :: 		
0x001B	0x07F9      	ADDWF      R9, 1
;__Lib_Math.c,156 :: 		
0x001C	0x0875      	MOVF       R5, 0
;__Lib_Math.c,157 :: 		
0x001D	0x1803      	BTFSC      STATUS, 0
;__Lib_Math.c,158 :: 		
0x001E	0x0F75      	INCFSZ     R5, 0
;__Lib_Math.c,159 :: 		
0x001F	0x07FA      	ADDWF      R10, 1
;__Lib_Math.c,160 :: 		
0x0020	0x1803      	BTFSC      STATUS, 0
;__Lib_Math.c,161 :: 		
0x0021	0x0AFB      	INCF       R11, 1
;__Lib_Math.c,162 :: 		
0x0022	0x1003      	BCF        STATUS, 0
;__Lib_Math.c,163 :: 		
0x0023	0x1FF0      	BTFSS      R0, 7
;__Lib_Math.c,164 :: 		
0x0024	0x282B      	GOTO       $+7
;__Lib_Math.c,165 :: 		
0x0025	0x0874      	MOVF       R4, 0
;__Lib_Math.c,166 :: 		
0x0026	0x07FA      	ADDWF      R10, 1
;__Lib_Math.c,167 :: 		
0x0027	0x0875      	MOVF       R5, 0
;__Lib_Math.c,168 :: 		
0x0028	0x1803      	BTFSC      STATUS, 0
;__Lib_Math.c,169 :: 		
0x0029	0x0F75      	INCFSZ     R5, 0
;__Lib_Math.c,170 :: 		
0x002A	0x07FB      	ADDWF      R11, 1
;__Lib_Math.c,171 :: 		
0x002B	0x0CFB      	RRF        R11, 1
;__Lib_Math.c,172 :: 		
0x002C	0x0CFA      	RRF        R10, 1
;__Lib_Math.c,173 :: 		
0x002D	0x0CF9      	RRF        R9, 1
;__Lib_Math.c,174 :: 		
0x002E	0x0CF8      	RRF        R8, 1
;__Lib_Math.c,175 :: 		
0x002F	0x1C03      	BTFSS      STATUS, 0
;__Lib_Math.c,176 :: 		
0x0030	0x2816      	GOTO       $-26
;__Lib_Math.c,177 :: 		
0x0031	0x087B      	MOVF       R11, 0
;__Lib_Math.c,178 :: 		
0x0032	0x00F3      	MOVWF      R3
;__Lib_Math.c,179 :: 		
0x0033	0x087A      	MOVF       R10, 0
;__Lib_Math.c,180 :: 		
0x0034	0x00F2      	MOVWF      R2
;__Lib_Math.c,181 :: 		
0x0035	0x0879      	MOVF       R9, 0
;__Lib_Math.c,182 :: 		
0x0036	0x00F1      	MOVWF      R1
;__Lib_Math.c,183 :: 		
0x0037	0x0878      	MOVF       R8, 0
;__Lib_Math.c,184 :: 		
0x0038	0x00F0      	MOVWF      R0
;__Lib_Math.c,187 :: 		
L_end_Mul_16x16_U:
0x0039	0x0008      	RETURN
; end of _Mul_16x16_U
_RES032:
;__Lib_MathDouble.c,123 :: 		
;__Lib_MathDouble.c,128 :: 		
0x003A	0x01F2      	CLRF       R2
;__Lib_MathDouble.c,129 :: 		
0x003B	0x01F1      	CLRF       R1
;__Lib_MathDouble.c,130 :: 		
0x003C	0x01F0      	CLRF       R0
;__Lib_MathDouble.c,131 :: 		
0x003D	0x01F8      	CLRF       R8
;__Lib_MathDouble.c,132 :: 		
0x003E	0x01F3      	CLRF       R3
;__Lib_MathDouble.c,133 :: 		
0x003F	0x3000      	MOVLW      0
;__Lib_MathDouble.c,135 :: 		
L_end_RES032:
0x0040	0x0008      	RETURN
; end of _RES032
_SETFUN32:
;__Lib_MathDouble.c,138 :: 		
;__Lib_MathDouble.c,145 :: 		
0x0041	0x157B      	BSF        R11, 2
;__Lib_MathDouble.c,146 :: 		
0x0042	0x1FFB      	BTFSS      R11, 7
;__Lib_MathDouble.c,147 :: 		
0x0043	0x284B      	GOTO       SETFUN32EEE
;__Lib_MathDouble.c,148 :: 		
0x0044	0x3001      	MOVLW      1
;__Lib_MathDouble.c,149 :: 		
0x0045	0x00F3      	MOVWF      R3
;__Lib_MathDouble.c,150 :: 		
0x0046	0x01F2      	CLRF       R2
;__Lib_MathDouble.c,151 :: 		
0x0047	0x01F1      	CLRF       R1
;__Lib_MathDouble.c,152 :: 		
0x0048	0x01F0      	CLRF       R0
;__Lib_MathDouble.c,153 :: 		
0x0049	0x0DFA      	RLF        R10, 1
;__Lib_MathDouble.c,154 :: 		
0x004A	0x0CF2      	RRF        R2, 1
;__Lib_MathDouble.c,155 :: 		
SETFUN32EEE:
;__Lib_MathDouble.c,156 :: 		
0x004B	0x30FF      	MOVLW      255
;__Lib_MathDouble.c,158 :: 		
L_end_SETFUN32:
0x004C	0x0008      	RETURN
; end of _SETFUN32
_SETIOV3224:
;__Lib_MathDouble.c,1000 :: 		
;__Lib_MathDouble.c,1006 :: 		
0x004D	0x147B      	BSF        R11, 0
;__Lib_MathDouble.c,1007 :: 		
0x004E	0x1FFB      	BTFSS      R11, 7
;__Lib_MathDouble.c,1008 :: 		
0x004F	0x2858      	GOTO       SETIOV3224EEE
;__Lib_MathDouble.c,1010 :: 		
0x0050	0x01F2      	CLRF       R2
;__Lib_MathDouble.c,1011 :: 		
0x0051	0x1FFA      	BTFSS      R10, 7
;__Lib_MathDouble.c,1012 :: 		
0x0052	0x30FF      	MOVLW      255
;__Lib_MathDouble.c,1013 :: 		
0x0053	0x00F2      	MOVWF      R2
;__Lib_MathDouble.c,1014 :: 		
0x0054	0x00F1      	MOVWF      R1
;__Lib_MathDouble.c,1015 :: 		
0x0055	0x00F0      	MOVWF      R0
;__Lib_MathDouble.c,1016 :: 		
0x0056	0x0DFA      	RLF        R10, 1
;__Lib_MathDouble.c,1017 :: 		
0x0057	0x0CF2      	RRF        R2, 1
;__Lib_MathDouble.c,1018 :: 		
SETIOV3224EEE:
;__Lib_MathDouble.c,1019 :: 		
0x0058	0x30FF      	MOVLW      255
;__Lib_MathDouble.c,1021 :: 		
L_end_SETIOV3224:
0x0059	0x0008      	RETURN
; end of _SETIOV3224
_PWM2_Init:
;__Lib_PWM_c21.c,1 :: 		
;__Lib_PWM_c21.c,2 :: 		
;__Lib_PWM_c21.c,3 :: 		
0x005A	0x1283      	BCF        STATUS, 5
0x005B	0x1303      	BCF        STATUS, 6
0x005C	0x019B      	CLRF       CCPR2L
;__Lib_PWM_c21.c,4 :: 		
0x005D	0x121D      	BCF        CCP2CON, 4
;__Lib_PWM_c21.c,5 :: 		
0x005E	0x129D      	BCF        CCP2CON, 5
;__Lib_PWM_c21.c,6 :: 		
L_end_PWM2_Init:
0x005F	0x0008      	RETURN
; end of _PWM2_Init
_PWM1_Init:
;__Lib_PWM_c21.c,33 :: 		
;__Lib_PWM_c21.c,34 :: 		
;__Lib_PWM_c21.c,35 :: 		
0x0060	0x1283      	BCF        STATUS, 5
0x0061	0x1303      	BCF        STATUS, 6
0x0062	0x0195      	CLRF       CCPR1L
;__Lib_PWM_c21.c,36 :: 		
0x0063	0x1217      	BCF        CCP1CON, 4
;__Lib_PWM_c21.c,37 :: 		
0x0064	0x1297      	BCF        CCP1CON, 5
;__Lib_PWM_c21.c,38 :: 		
L_end_PWM1_Init:
0x0065	0x0008      	RETURN
; end of _PWM1_Init
_____DoICP:
;__Lib_System.c,6 :: 		
;__Lib_System.c,9 :: 		
0x0066	0x1283      	BCF        STATUS, 5
0x0067	0x1303      	BCF        STATUS, 6
0x0068	0x0822      	MOVF       ___DoICPAddr+1, 0
0x0069	0x008A      	MOVWF      PCLATH
;__Lib_System.c,10 :: 		
0x006A	0x0821      	MOVF       ___DoICPAddr, 0
0x006B	0x0082      	MOVWF      PCL
;__Lib_System.c,12 :: 		
L_end_____DoICP:
0x006C	0x0008      	RETURN
; end of _____DoICP
_PWM1_Set_Duty:
;__Lib_PWM_c21.c,40 :: 		
;__Lib_PWM_c21.c,44 :: 		
0x006D	0x1683      	BSF        STATUS, 5
0x006E	0x1303      	BCF        STATUS, 6
0x006F	0x0812      	MOVF       PR2, 0
0x0070	0x3E01      	ADDLW      1
0x0071	0x00F0      	MOVWF      R0
0x0072	0x01F1      	CLRF       R0+1
0x0073	0x1803      	BTFSC      STATUS, 0
0x0074	0x0AF1      	INCF       R0+1, 1
0x0075	0x1283      	BCF        STATUS, 5
0x0076	0x082D      	MOVF       FARG_PWM1_Set_Duty_new_duty, 0
0x0077	0x00F4      	MOVWF      R4
0x0078	0x01F5      	CLRF       R4+1
0x0079	0x200F      	CALL       _Mul_16x16_U
0x007A	0x3006      	MOVLW      6
0x007B	0x00F2      	MOVWF      R2
0x007C	0x0870      	MOVF       R0, 0
0x007D	0x00F4      	MOVWF      R4
0x007E	0x0871      	MOVF       R0+1, 0
0x007F	0x00F5      	MOVWF      R4+1
0x0080	0x0872      	MOVF       R2, 0
L__PWM1_Set_Duty10:
0x0081	0x1903      	BTFSC      STATUS, 2
0x0082	0x2888      	GOTO       L__PWM1_Set_Duty11
0x0083	0x0CF5      	RRF        R4+1, 1
0x0084	0x0CF4      	RRF        R4, 1
0x0085	0x13F5      	BCF        R4+1, 7
0x0086	0x3EFF      	ADDLW      255
0x0087	0x2881      	GOTO       L__PWM1_Set_Duty10
L__PWM1_Set_Duty11:
;__Lib_PWM_c21.c,45 :: 		
0x0088	0x3004      	MOVLW      4
0x0089	0x00F1      	MOVWF      R1
0x008A	0x0874      	MOVF       R4, 0
0x008B	0x00F0      	MOVWF      R0
0x008C	0x0871      	MOVF       R1, 0
L__PWM1_Set_Duty12:
0x008D	0x1903      	BTFSC      STATUS, 2
0x008E	0x2893      	GOTO       L__PWM1_Set_Duty13
0x008F	0x0DF0      	RLF        R0, 1
0x0090	0x1070      	BCF        R0, 0
0x0091	0x3EFF      	ADDLW      255
0x0092	0x288D      	GOTO       L__PWM1_Set_Duty12
L__PWM1_Set_Duty13:
0x0093	0x1283      	BCF        STATUS, 5
0x0094	0x1303      	BCF        STATUS, 6
0x0095	0x3030      	MOVLW      48
0x0096	0x0570      	ANDWF      R0, 0
0x0097	0x00F3      	MOVWF      R3
;__Lib_PWM_c21.c,46 :: 		
0x0098	0x0874      	MOVF       R4, 0
0x0099	0x00F0      	MOVWF      R0
0x009A	0x0875      	MOVF       R4+1, 0
0x009B	0x00F1      	MOVWF      R0+1
0x009C	0x0CF1      	RRF        R0+1, 1
0x009D	0x0CF0      	RRF        R0, 1
0x009E	0x13F1      	BCF        R0+1, 7
0x009F	0x0CF1      	RRF        R0+1, 1
0x00A0	0x0CF0      	RRF        R0, 1
0x00A1	0x13F1      	BCF        R0+1, 7
0x00A2	0x0870      	MOVF       R0, 0
0x00A3	0x0095      	MOVWF      CCPR1L
;__Lib_PWM_c21.c,47 :: 		
0x00A4	0x300F      	MOVLW      15
0x00A5	0x0597      	ANDWF      CCP1CON, 1
;__Lib_PWM_c21.c,48 :: 		
0x00A6	0x0873      	MOVF       R3, 0
0x00A7	0x0497      	IORWF      CCP1CON, 1
;__Lib_PWM_c21.c,49 :: 		
L_end_PWM1_Set_Duty:
0x00A8	0x0008      	RETURN
; end of _PWM1_Set_Duty
_Double2Byte:
;__Lib_MathDouble.c,1670 :: 		
;__Lib_MathDouble.c,1677 :: 		
0x00A9	0x1283      	BCF        STATUS, 5
;__Lib_MathDouble.c,1678 :: 		
0x00AA	0x1303      	BCF        STATUS, 6
;__Lib_MathDouble.c,1680 :: 		
0x00AB	0x01FB      	CLRF       R11
;__Lib_MathDouble.c,1681 :: 		
0x00AC	0x01FC      	CLRF       R12
;__Lib_MathDouble.c,1682 :: 		
0x00AD	0x01FA      	CLRF       R10
;__Lib_MathDouble.c,1684 :: 		
0x00AE	0x0873      	MOVF       R3, 0
;__Lib_MathDouble.c,1685 :: 		
0x00AF	0x1903      	BTFSC      STATUS, 2
;__Lib_MathDouble.c,1686 :: 		
0x00B0	0x28D6      	GOTO       IRES008
;__Lib_MathDouble.c,1688 :: 		
0x00B1	0x13FA      	BCF        R10, 7
;__Lib_MathDouble.c,1689 :: 		
0x00B2	0x17F2      	BSF        R2, 7
;__Lib_MathDouble.c,1691 :: 		
0x00B3	0x3086      	MOVLW      134
;__Lib_MathDouble.c,1692 :: 		
0x00B4	0x02F3      	SUBWF      R3, 1
;__Lib_MathDouble.c,1693 :: 		
0x00B5	0x1BF3      	BTFSC      R3, 7
;__Lib_MathDouble.c,1694 :: 		
0x00B6	0x28BA      	GOTO       SETEXP08
;__Lib_MathDouble.c,1695 :: 		
0x00B7	0x1903      	BTFSC      STATUS, 2
;__Lib_MathDouble.c,1696 :: 		
0x00B8	0x28BA      	GOTO       SETEXP08
;__Lib_MathDouble.c,1697 :: 		
0x00B9	0x28D8      	GOTO       SETIOV08
;__Lib_MathDouble.c,1698 :: 		
SETEXP08:
;__Lib_MathDouble.c,1699 :: 		
0x00BA	0x09F3      	COMF       R3, 1
;__Lib_MathDouble.c,1700 :: 		
0x00BB	0x0AF3      	INCF       R3, 1
;__Lib_MathDouble.c,1702 :: 		
0x00BC	0x3008      	MOVLW      8
;__Lib_MathDouble.c,1703 :: 		
0x00BD	0x0273      	SUBWF      R3, 0
;__Lib_MathDouble.c,1704 :: 		
0x00BE	0x1C03      	BTFSS      STATUS, 0
;__Lib_MathDouble.c,1705 :: 		
0x00BF	0x28C7      	GOTO       TSHIFT3208
;__Lib_MathDouble.c,1706 :: 		
0x00C0	0x00F3      	MOVWF      R3
;__Lib_MathDouble.c,1707 :: 		
0x00C1	0x0DF2      	RLF        R2, 1
;__Lib_MathDouble.c,1708 :: 		
0x00C2	0x01F2      	CLRF       R2
;__Lib_MathDouble.c,1710 :: 		
0x00C3	0x0873      	MOVF       R3, 0
;__Lib_MathDouble.c,1711 :: 		
0x00C4	0x1D03      	BTFSS      STATUS, 2
;__Lib_MathDouble.c,1712 :: 		
0x00C5	0x1003      	BCF        STATUS, 0
;__Lib_MathDouble.c,1713 :: 		
0x00C6	0x28CE      	GOTO       SHIFT3208OK
;__Lib_MathDouble.c,1714 :: 		
TSHIFT3208:
;__Lib_MathDouble.c,1715 :: 		
0x00C7	0x0873      	MOVF       R3, 0
;__Lib_MathDouble.c,1716 :: 		
0x00C8	0x1903      	BTFSC      STATUS, 2
;__Lib_MathDouble.c,1717 :: 		
0x00C9	0x28CE      	GOTO       SHIFT3208OK
;__Lib_MathDouble.c,1718 :: 		
SHIFT3208:
;__Lib_MathDouble.c,1719 :: 		
0x00CA	0x1003      	BCF        STATUS, 0
;__Lib_MathDouble.c,1720 :: 		
0x00CB	0x0CF2      	RRF        R2, 1
;__Lib_MathDouble.c,1721 :: 		
0x00CC	0x0BF3      	DECFSZ     R3, 1
;__Lib_MathDouble.c,1722 :: 		
0x00CD	0x28CA      	GOTO       SHIFT3208
;__Lib_MathDouble.c,1723 :: 		
SHIFT3208OK:
;__Lib_MathDouble.c,1724 :: 		
0x00CE	0x1B7B      	BTFSC      R11, 6
;__Lib_MathDouble.c,1725 :: 		
0x00CF	0x1C72      	BTFSS      R2, 0
;__Lib_MathDouble.c,1726 :: 		
0x00D0	0x28D6      	GOTO       INT3208OK
;__Lib_MathDouble.c,1727 :: 		
0x00D1	0x1C03      	BTFSS      STATUS, 0
;__Lib_MathDouble.c,1728 :: 		
0x00D2	0x28D6      	GOTO       INT3208OK
;__Lib_MathDouble.c,1729 :: 		
0x00D3	0x0AF2      	INCF       R2, 1
;__Lib_MathDouble.c,1730 :: 		
0x00D4	0x1903      	BTFSC      STATUS, 2
;__Lib_MathDouble.c,1731 :: 		
0x00D5	0x28DD      	GOTO       D2B_JPKSETIOV3224
;__Lib_MathDouble.c,1732 :: 		
INT3208OK:
;__Lib_MathDouble.c,1733 :: 		
IRES008:
;__Lib_MathDouble.c,1734 :: 		
0x00D6	0x01F1      	CLRF       R1
;__Lib_MathDouble.c,1735 :: 		
0x00D7	0x28E0      	GOTO       INT3208EOK
;__Lib_MathDouble.c,1736 :: 		
SETIOV08:
;__Lib_MathDouble.c,1737 :: 		
0x00D8	0x147B      	BSF        R11, 0
;__Lib_MathDouble.c,1738 :: 		
0x00D9	0x1FFB      	BTFSS      R11, 7
;__Lib_MathDouble.c,1739 :: 		
0x00DA	0x28E3      	GOTO       INT3208EER
;__Lib_MathDouble.c,1741 :: 		
0x00DB	0x01F1      	CLRF       R1
;__Lib_MathDouble.c,1742 :: 		
0x00DC	0x28E3      	GOTO       INT3208EER
;__Lib_MathDouble.c,1743 :: 		
D2B_JPKSETIOV3224:
;__Lib_MathDouble.c,1744 :: 		
0x00DD	0x3001      	MOVLW      1
;__Lib_MathDouble.c,1745 :: 		
0x00DE	0x00FC      	MOVWF      R12
;__Lib_MathDouble.c,1746 :: 		
0x00DF	0x28E5      	GOTO       INT3208EEE
;__Lib_MathDouble.c,1747 :: 		
INT3208EOK:
;__Lib_MathDouble.c,1748 :: 		
0x00E0	0x3000      	MOVLW      0
;__Lib_MathDouble.c,1749 :: 		
0x00E1	0x00FC      	MOVWF      R12
;__Lib_MathDouble.c,1750 :: 		
0x00E2	0x28E5      	GOTO       INT3208EEE
;__Lib_MathDouble.c,1751 :: 		
INT3208EER:
;__Lib_MathDouble.c,1752 :: 		
0x00E3	0x30FF      	MOVLW      255
;__Lib_MathDouble.c,1753 :: 		
0x00E4	0x00FC      	MOVWF      R12
;__Lib_MathDouble.c,1754 :: 		
INT3208EEE:
;__Lib_MathDouble.c,1757 :: 		
0x00E5	0x08FC      	MOVF       R12, 1
;__Lib_MathDouble.c,1759 :: 		
0x00E6	0x1903      	BTFSC      STATUS, 2
;__Lib_MathDouble.c,1760 :: 		
0x00E7	0x28E9      	GOTO       L_Double2Byte_0
;__Lib_MathDouble.c,1762 :: 		
0x00E8	0x204D      	CALL       _SETIOV3224
;__Lib_MathDouble.c,1764 :: 		
L_Double2Byte_0:
;__Lib_MathDouble.c,1765 :: 		
0x00E9	0x0872      	MOVF       R2, 0
;__Lib_MathDouble.c,1766 :: 		
0x00EA	0x00F0      	MOVWF      R0
;__Lib_MathDouble.c,1770 :: 		
L_end_Double2Byte:
0x00EB	0x0008      	RETURN
; end of _Double2Byte
_Mul_32x32_FP:
;__Lib_MathDouble.c,610 :: 		
;__Lib_MathDouble.c,622 :: 		
;__Lib_MathDouble.c,624 :: 		
0x00EC	0x1283      	BCF        STATUS, 5
;__Lib_MathDouble.c,625 :: 		
0x00ED	0x1303      	BCF        STATUS, 6
;__Lib_MathDouble.c,627 :: 		
0x00EE	0x01FB      	CLRF       R11
;__Lib_MathDouble.c,628 :: 		
0x00EF	0x0873      	MOVF       R3, 0
;__Lib_MathDouble.c,629 :: 		
0x00F0	0x1D03      	BTFSS      STATUS, 2
;__Lib_MathDouble.c,630 :: 		
0x00F1	0x0877      	MOVF       R7, 0
;__Lib_MathDouble.c,631 :: 		
0x00F2	0x1903      	BTFSC      STATUS, 2
;__Lib_MathDouble.c,632 :: 		
0x00F3	0x2943      	GOTO       JPMRES032
;__Lib_MathDouble.c,634 :: 		
0x00F4	0x0872      	MOVF       R2, 0
;__Lib_MathDouble.c,635 :: 		
0x00F5	0x0676      	XORWF      R6, 0
;__Lib_MathDouble.c,636 :: 		
0x00F6	0x00FA      	MOVWF      R10
;__Lib_MathDouble.c,637 :: 		
0x00F7	0x0877      	MOVF       R7, 0
;__Lib_MathDouble.c,638 :: 		
0x00F8	0x07F3      	ADDWF      R3, 1
;__Lib_MathDouble.c,639 :: 		
0x00F9	0x307E      	MOVLW      126
;__Lib_MathDouble.c,640 :: 		
0x00FA	0x1C03      	BTFSS      STATUS, 0
;__Lib_MathDouble.c,641 :: 		
0x00FB	0x2900      	GOTO       MTUN32
;__Lib_MathDouble.c,642 :: 		
0x00FC	0x02F3      	SUBWF      R3, 1
;__Lib_MathDouble.c,643 :: 		
0x00FD	0x1803      	BTFSC      STATUS, 0
;__Lib_MathDouble.c,644 :: 		
0x00FE	0x2946      	GOTO       JPMSETFOV32
;__Lib_MathDouble.c,645 :: 		
0x00FF	0x2903      	GOTO       MOK32
;__Lib_MathDouble.c,646 :: 		
MTUN32:
;__Lib_MathDouble.c,647 :: 		
0x0100	0x02F3      	SUBWF      R3, 1
;__Lib_MathDouble.c,648 :: 		
0x0101	0x1C03      	BTFSS      STATUS, 0
;__Lib_MathDouble.c,649 :: 		
0x0102	0x2949      	GOTO       JPMSETFUN32
;__Lib_MathDouble.c,650 :: 		
MOK32:
;__Lib_MathDouble.c,651 :: 		
0x0103	0x0872      	MOVF       R2, 0
;__Lib_MathDouble.c,652 :: 		
0x0104	0x00F8      	MOVWF      R8
;__Lib_MathDouble.c,653 :: 		
0x0105	0x0871      	MOVF       R1, 0
;__Lib_MathDouble.c,654 :: 		
0x0106	0x00FC      	MOVWF      R12
;__Lib_MathDouble.c,655 :: 		
0x0107	0x0870      	MOVF       R0, 0
;__Lib_MathDouble.c,656 :: 		
0x0108	0x00FD      	MOVWF      R13
;__Lib_MathDouble.c,657 :: 		
0x0109	0x17F8      	BSF        R8, 7
;__Lib_MathDouble.c,658 :: 		
0x010A	0x17F6      	BSF        R6, 7
;__Lib_MathDouble.c,659 :: 		
0x010B	0x1003      	BCF        STATUS, 0
;__Lib_MathDouble.c,660 :: 		
0x010C	0x01F2      	CLRF       R2
;__Lib_MathDouble.c,661 :: 		
0x010D	0x01F1      	CLRF       R1
;__Lib_MathDouble.c,662 :: 		
0x010E	0x01F0      	CLRF       R0
;__Lib_MathDouble.c,663 :: 		
0x010F	0x3018      	MOVLW      24
;__Lib_MathDouble.c,664 :: 		
0x0110	0x00A0      	MOVWF      __math_tempbD
;__Lib_MathDouble.c,665 :: 		
MLOOP32:
;__Lib_MathDouble.c,666 :: 		
0x0111	0x1C7D      	BTFSS      R13, 0
;__Lib_MathDouble.c,667 :: 		
0x0112	0x291D      	GOTO       MNOADD32
;__Lib_MathDouble.c,669 :: 		
0x0113	0x0874      	MOVF       R4, 0
;__Lib_MathDouble.c,670 :: 		
0x0114	0x07F0      	ADDWF      R0, 1
;__Lib_MathDouble.c,671 :: 		
0x0115	0x0875      	MOVF       R5, 0
;__Lib_MathDouble.c,672 :: 		
0x0116	0x1803      	BTFSC      STATUS, 0
;__Lib_MathDouble.c,673 :: 		
0x0117	0x0F75      	INCFSZ     R5, 0
;__Lib_MathDouble.c,674 :: 		
0x0118	0x07F1      	ADDWF      R1, 1
;__Lib_MathDouble.c,675 :: 		
0x0119	0x0876      	MOVF       R6, 0
;__Lib_MathDouble.c,676 :: 		
0x011A	0x1803      	BTFSC      STATUS, 0
;__Lib_MathDouble.c,677 :: 		
0x011B	0x0F76      	INCFSZ     R6, 0
;__Lib_MathDouble.c,678 :: 		
0x011C	0x07F2      	ADDWF      R2, 1
;__Lib_MathDouble.c,679 :: 		
MNOADD32:
;__Lib_MathDouble.c,680 :: 		
0x011D	0x0CF2      	RRF        R2, 1
;__Lib_MathDouble.c,681 :: 		
0x011E	0x0CF1      	RRF        R1, 1
;__Lib_MathDouble.c,682 :: 		
0x011F	0x0CF0      	RRF        R0, 1
;__Lib_MathDouble.c,683 :: 		
0x0120	0x0CF8      	RRF        R8, 1
;__Lib_MathDouble.c,684 :: 		
0x0121	0x0CFC      	RRF        R12, 1
;__Lib_MathDouble.c,685 :: 		
0x0122	0x0CFD      	RRF        R13, 1
;__Lib_MathDouble.c,686 :: 		
0x0123	0x1003      	BCF        STATUS, 0
;__Lib_MathDouble.c,687 :: 		
0x0124	0x0BA0      	DECFSZ     __math_tempbD, 1
;__Lib_MathDouble.c,688 :: 		
0x0125	0x2911      	GOTO       MLOOP32
;__Lib_MathDouble.c,689 :: 		
0x0126	0x1BF2      	BTFSC      R2, 7
;__Lib_MathDouble.c,690 :: 		
0x0127	0x292D      	GOTO       MROUND32
;__Lib_MathDouble.c,691 :: 		
0x0128	0x0DF8      	RLF        R8, 1
;__Lib_MathDouble.c,692 :: 		
0x0129	0x0DF0      	RLF        R0, 1
;__Lib_MathDouble.c,693 :: 		
0x012A	0x0DF1      	RLF        R1, 1
;__Lib_MathDouble.c,694 :: 		
0x012B	0x0DF2      	RLF        R2, 1
;__Lib_MathDouble.c,695 :: 		
0x012C	0x03F3      	DECF       R3, 1
;__Lib_MathDouble.c,696 :: 		
MROUND32:
;__Lib_MathDouble.c,697 :: 		
0x012D	0x1B7B      	BTFSC      R11, 6
;__Lib_MathDouble.c,698 :: 		
0x012E	0x1C70      	BTFSS      R0, 0
;__Lib_MathDouble.c,699 :: 		
0x012F	0x293F      	GOTO       MUL32OK
;__Lib_MathDouble.c,700 :: 		
0x0130	0x1FF8      	BTFSS      R8, 7
;__Lib_MathDouble.c,701 :: 		
0x0131	0x293F      	GOTO       MUL32OK
;__Lib_MathDouble.c,702 :: 		
0x0132	0x0AF0      	INCF       R0, 1
;__Lib_MathDouble.c,703 :: 		
0x0133	0x1903      	BTFSC      STATUS, 2
;__Lib_MathDouble.c,704 :: 		
0x0134	0x0AF1      	INCF       R1, 1
;__Lib_MathDouble.c,705 :: 		
0x0135	0x1903      	BTFSC      STATUS, 2
;__Lib_MathDouble.c,706 :: 		
0x0136	0x0AF2      	INCF       R2, 1
;__Lib_MathDouble.c,707 :: 		
0x0137	0x1D03      	BTFSS      STATUS, 2
;__Lib_MathDouble.c,708 :: 		
0x0138	0x293F      	GOTO       MUL32OK
;__Lib_MathDouble.c,709 :: 		
0x0139	0x0CF2      	RRF        R2, 1
;__Lib_MathDouble.c,710 :: 		
0x013A	0x0CF1      	RRF        R1, 1
;__Lib_MathDouble.c,711 :: 		
0x013B	0x0CF0      	RRF        R0, 1
;__Lib_MathDouble.c,712 :: 		
0x013C	0x0AF3      	INCF       R3, 1
;__Lib_MathDouble.c,713 :: 		
0x013D	0x1903      	BTFSC      STATUS, 2
;__Lib_MathDouble.c,714 :: 		
0x013E	0x2946      	GOTO       JPMSETFOV32
;__Lib_MathDouble.c,715 :: 		
MUL32OK:
;__Lib_MathDouble.c,716 :: 		
0x013F	0x1FFA      	BTFSS      R10, 7
;__Lib_MathDouble.c,717 :: 		
0x0140	0x13F2      	BCF        R2, 7
;__Lib_MathDouble.c,718 :: 		
0x0141	0x3000      	MOVLW      0
;__Lib_MathDouble.c,720 :: 		
0x0142	0x294B      	GOTO       MUL32EEE
;__Lib_MathDouble.c,721 :: 		
JPMRES032:
;__Lib_MathDouble.c,722 :: 		
0x0143	0x3001      	MOVLW      1
;__Lib_MathDouble.c,725 :: 		
0x0144	0x203A      	CALL       _RES032
;__Lib_MathDouble.c,727 :: 		
0x0145	0x294B      	GOTO       MUL32EEE
;__Lib_MathDouble.c,728 :: 		
JPMSETFOV32:
;__Lib_MathDouble.c,729 :: 		
0x0146	0x3002      	MOVLW      2
;__Lib_MathDouble.c,732 :: 		
0x0147	0x2003      	CALL       _SETFOV32
;__Lib_MathDouble.c,734 :: 		
0x0148	0x294B      	GOTO       MUL32EEE
;__Lib_MathDouble.c,735 :: 		
JPMSETFUN32:
;__Lib_MathDouble.c,736 :: 		
0x0149	0x3004      	MOVLW      4
;__Lib_MathDouble.c,739 :: 		
0x014A	0x2041      	CALL       _SETFUN32
;__Lib_MathDouble.c,741 :: 		
MUL32EEE:
;__Lib_MathDouble.c,742 :: 		
0x014B	0x0000      	NOP
;__Lib_MathDouble.c,749 :: 		
L_end_Mul_32x32_FP:
0x014C	0x0008      	RETURN
; end of _Mul_32x32_FP
_PWM2_Set_Duty:
;__Lib_PWM_c21.c,8 :: 		
;__Lib_PWM_c21.c,12 :: 		
0x014D	0x1683      	BSF        STATUS, 5
0x014E	0x1303      	BCF        STATUS, 6
0x014F	0x0812      	MOVF       PR2, 0
0x0150	0x3E01      	ADDLW      1
0x0151	0x00F0      	MOVWF      R0
0x0152	0x01F1      	CLRF       R0+1
0x0153	0x1803      	BTFSC      STATUS, 0
0x0154	0x0AF1      	INCF       R0+1, 1
0x0155	0x1283      	BCF        STATUS, 5
0x0156	0x082D      	MOVF       FARG_PWM2_Set_Duty_new_duty, 0
0x0157	0x00F4      	MOVWF      R4
0x0158	0x01F5      	CLRF       R4+1
0x0159	0x200F      	CALL       _Mul_16x16_U
0x015A	0x3006      	MOVLW      6
0x015B	0x00F2      	MOVWF      R2
0x015C	0x0870      	MOVF       R0, 0
0x015D	0x00F4      	MOVWF      R4
0x015E	0x0871      	MOVF       R0+1, 0
0x015F	0x00F5      	MOVWF      R4+1
0x0160	0x0872      	MOVF       R2, 0
L__PWM2_Set_Duty2:
0x0161	0x1903      	BTFSC      STATUS, 2
0x0162	0x2968      	GOTO       L__PWM2_Set_Duty3
0x0163	0x0CF5      	RRF        R4+1, 1
0x0164	0x0CF4      	RRF        R4, 1
0x0165	0x13F5      	BCF        R4+1, 7
0x0166	0x3EFF      	ADDLW      255
0x0167	0x2961      	GOTO       L__PWM2_Set_Duty2
L__PWM2_Set_Duty3:
;__Lib_PWM_c21.c,13 :: 		
0x0168	0x3004      	MOVLW      4
0x0169	0x00F1      	MOVWF      R1
0x016A	0x0874      	MOVF       R4, 0
0x016B	0x00F0      	MOVWF      R0
0x016C	0x0871      	MOVF       R1, 0
L__PWM2_Set_Duty4:
0x016D	0x1903      	BTFSC      STATUS, 2
0x016E	0x2973      	GOTO       L__PWM2_Set_Duty5
0x016F	0x0DF0      	RLF        R0, 1
0x0170	0x1070      	BCF        R0, 0
0x0171	0x3EFF      	ADDLW      255
0x0172	0x296D      	GOTO       L__PWM2_Set_Duty4
L__PWM2_Set_Duty5:
0x0173	0x1283      	BCF        STATUS, 5
0x0174	0x1303      	BCF        STATUS, 6
0x0175	0x3030      	MOVLW      48
0x0176	0x0570      	ANDWF      R0, 0
0x0177	0x00F3      	MOVWF      R3
;__Lib_PWM_c21.c,14 :: 		
0x0178	0x0874      	MOVF       R4, 0
0x0179	0x00F0      	MOVWF      R0
0x017A	0x0875      	MOVF       R4+1, 0
0x017B	0x00F1      	MOVWF      R0+1
0x017C	0x0CF1      	RRF        R0+1, 1
0x017D	0x0CF0      	RRF        R0, 1
0x017E	0x13F1      	BCF        R0+1, 7
0x017F	0x0CF1      	RRF        R0+1, 1
0x0180	0x0CF0      	RRF        R0, 1
0x0181	0x13F1      	BCF        R0+1, 7
0x0182	0x0870      	MOVF       R0, 0
0x0183	0x009B      	MOVWF      CCPR2L
;__Lib_PWM_c21.c,15 :: 		
0x0184	0x300F      	MOVLW      15
0x0185	0x059D      	ANDWF      CCP2CON, 1
;__Lib_PWM_c21.c,16 :: 		
0x0186	0x0873      	MOVF       R3, 0
0x0187	0x049D      	IORWF      CCP2CON, 1
;__Lib_PWM_c21.c,17 :: 		
L_end_PWM2_Set_Duty:
0x0188	0x0008      	RETURN
; end of _PWM2_Set_Duty
_PWM2_Start:
;__Lib_PWM_c21.c,19 :: 		
;__Lib_PWM_c21.c,20 :: 		
0x0189	0x1683      	BSF        STATUS, 5
0x018A	0x1303      	BCF        STATUS, 6
0x018B	0x1087      	BCF        TRISC1_bit, 1
;__Lib_PWM_c21.c,21 :: 		
0x018C	0x1283      	BCF        STATUS, 5
0x018D	0x1512      	BSF        T2CON, 2
;__Lib_PWM_c21.c,22 :: 		
0x018E	0x300C      	MOVLW      12
0x018F	0x049D      	IORWF      CCP2CON, 1
;__Lib_PWM_c21.c,23 :: 		
L_end_PWM2_Start:
0x0190	0x0008      	RETURN
; end of _PWM2_Start
_speed:
;linefollower.c,18 :: 		void speed(float pwm1 , float pwm2)
;linefollower.c,20 :: 		PWM1_Set_Duty(pwm1*255);
0x0191	0x1283      	BCF        STATUS, 5
0x0192	0x1303      	BCF        STATUS, 6
0x0193	0x0825      	MOVF       FARG_speed_pwm1, 0
0x0194	0x00F0      	MOVWF      R0
0x0195	0x0826      	MOVF       FARG_speed_pwm1+1, 0
0x0196	0x00F1      	MOVWF      R0+1
0x0197	0x0827      	MOVF       FARG_speed_pwm1+2, 0
0x0198	0x00F2      	MOVWF      R0+2
0x0199	0x0828      	MOVF       FARG_speed_pwm1+3, 0
0x019A	0x00F3      	MOVWF      R0+3
0x019B	0x3000      	MOVLW      0
0x019C	0x00F4      	MOVWF      R4
0x019D	0x3000      	MOVLW      0
0x019E	0x00F5      	MOVWF      R4+1
0x019F	0x307F      	MOVLW      127
0x01A0	0x00F6      	MOVWF      R4+2
0x01A1	0x3086      	MOVLW      134
0x01A2	0x00F7      	MOVWF      R4+3
0x01A3	0x20EC      	CALL       _Mul_32x32_FP
0x01A4	0x20A9      	CALL       _Double2Byte
0x01A5	0x0870      	MOVF       R0, 0
0x01A6	0x00AD      	MOVWF      FARG_PWM1_Set_Duty_new_duty
0x01A7	0x206D      	CALL       _PWM1_Set_Duty
;linefollower.c,21 :: 		PWM2_Set_Duty(pwm2*255);
0x01A8	0x0829      	MOVF       FARG_speed_pwm2, 0
0x01A9	0x00F0      	MOVWF      R0
0x01AA	0x082A      	MOVF       FARG_speed_pwm2+1, 0
0x01AB	0x00F1      	MOVWF      R0+1
0x01AC	0x082B      	MOVF       FARG_speed_pwm2+2, 0
0x01AD	0x00F2      	MOVWF      R0+2
0x01AE	0x082C      	MOVF       FARG_speed_pwm2+3, 0
0x01AF	0x00F3      	MOVWF      R0+3
0x01B0	0x3000      	MOVLW      0
0x01B1	0x00F4      	MOVWF      R4
0x01B2	0x3000      	MOVLW      0
0x01B3	0x00F5      	MOVWF      R4+1
0x01B4	0x307F      	MOVLW      127
0x01B5	0x00F6      	MOVWF      R4+2
0x01B6	0x3086      	MOVLW      134
0x01B7	0x00F7      	MOVWF      R4+3
0x01B8	0x20EC      	CALL       _Mul_32x32_FP
0x01B9	0x20A9      	CALL       _Double2Byte
0x01BA	0x0870      	MOVF       R0, 0
0x01BB	0x00AD      	MOVWF      FARG_PWM2_Set_Duty_new_duty
0x01BC	0x214D      	CALL       _PWM2_Set_Duty
;linefollower.c,22 :: 		}
L_end_speed:
0x01BD	0x0008      	RETURN
; end of _speed
_PWM1_Start:
;__Lib_PWM_c21.c,51 :: 		
;__Lib_PWM_c21.c,52 :: 		
0x01BE	0x1683      	BSF        STATUS, 5
0x01BF	0x1303      	BCF        STATUS, 6
0x01C0	0x1107      	BCF        TRISC2_bit, 2
;__Lib_PWM_c21.c,53 :: 		
0x01C1	0x1283      	BCF        STATUS, 5
0x01C2	0x1512      	BSF        T2CON, 2
;__Lib_PWM_c21.c,54 :: 		
0x01C3	0x300C      	MOVLW      12
0x01C4	0x0497      	IORWF      CCP1CON, 1
;__Lib_PWM_c21.c,55 :: 		
L_end_PWM1_Start:
0x01C5	0x0008      	RETURN
; end of _PWM1_Start
_InitMain:
;linefollower.c,1 :: 		void InitMain() {
;linefollower.c,3 :: 		PORTA = 255;
0x01C6	0x30FF      	MOVLW      255
0x01C7	0x1283      	BCF        STATUS, 5
0x01C8	0x1303      	BCF        STATUS, 6
0x01C9	0x0085      	MOVWF      PORTA
;linefollower.c,4 :: 		TRISA = 255;                        // configure PORTA pins as input
0x01CA	0x30FF      	MOVLW      255
0x01CB	0x1683      	BSF        STATUS, 5
0x01CC	0x0085      	MOVWF      TRISA
;linefollower.c,5 :: 		PORTD = 0x00;                          // set PORTB to 0
0x01CD	0x1283      	BCF        STATUS, 5
0x01CE	0x0188      	CLRF       PORTD
;linefollower.c,6 :: 		TRISD = 0xFF;                          // designate PORTD pins as output
0x01CF	0x30FF      	MOVLW      255
0x01D0	0x1683      	BSF        STATUS, 5
0x01D1	0x0088      	MOVWF      TRISD
;linefollower.c,7 :: 		PORTC = 0x00;                          // set PORTC to 0
0x01D2	0x1283      	BCF        STATUS, 5
0x01D3	0x0187      	CLRF       PORTC
;linefollower.c,8 :: 		TRISC = 0x00;                          // designate PORTC pins as output
0x01D4	0x1683      	BSF        STATUS, 5
0x01D5	0x0187      	CLRF       TRISC
;linefollower.c,11 :: 		PWM1_Init(1000);                    // Initialize PWM1 module at 1KHz
0x01D6	0x1283      	BCF        STATUS, 5
0x01D7	0x1412      	BSF        T2CON, 0
0x01D8	0x1492      	BSF        T2CON, 1
0x01D9	0x307C      	MOVLW      124
0x01DA	0x1683      	BSF        STATUS, 5
0x01DB	0x0092      	MOVWF      PR2
0x01DC	0x2060      	CALL       _PWM1_Init
;linefollower.c,12 :: 		PWM2_Init(1000);                    // Initialize PWM2 module at 1KHz
0x01DD	0x1412      	BSF        T2CON, 0
0x01DE	0x1492      	BSF        T2CON, 1
0x01DF	0x307C      	MOVLW      124
0x01E0	0x1683      	BSF        STATUS, 5
0x01E1	0x0092      	MOVWF      PR2
0x01E2	0x205A      	CALL       _PWM2_Init
;linefollower.c,13 :: 		}
L_end_InitMain:
0x01E3	0x0008      	RETURN
; end of _InitMain
___CC2DW:
;__Lib_System.c,24 :: 		
;__Lib_System.c,27 :: 		
_CC2D_Loop1:
;__Lib_System.c,29 :: 		
0x01E4	0x2066      	CALL       _____DoICP
0x01E5	0x118A      	BCF        PCLATH, 3
0x01E6	0x120A      	BCF        PCLATH, 4
;__Lib_System.c,31 :: 		
0x01E7	0x0080      	MOVWF      INDF
;__Lib_System.c,32 :: 		
0x01E8	0x0A84      	INCF       FSR, 1
;__Lib_System.c,33 :: 		
0x01E9	0x0AA1      	INCF       ___DoICPAddr, 1
;__Lib_System.c,35 :: 		
0x01EA	0x1903      	BTFSC      STATUS, 2
;__Lib_System.c,36 :: 		
0x01EB	0x0AA2      	INCF       ___DoICPAddr+1, 1
;__Lib_System.c,37 :: 		
0x01EC	0x03F0      	DECF       R0, 1
;__Lib_System.c,39 :: 		
0x01ED	0x1D03      	BTFSS      STATUS, 2
;__Lib_System.c,40 :: 		
0x01EE	0x29E4      	GOTO       _CC2D_Loop1
;__Lib_System.c,42 :: 		
L_end___CC2DW:
0x01EF	0x0008      	RETURN
; end of ___CC2DW
_main:
;linefollower.c,28 :: 		void main() {
;linefollower.c,30 :: 		int flag = 0;                       //for memory
0x01F0	0x1283      	BCF        STATUS, 5
0x01F1	0x1303      	BCF        STATUS, 6
0x01F2	0x01A3      	CLRF       main_flag_L0
0x01F3	0x01A4      	CLRF       main_flag_L0+1
;linefollower.c,31 :: 		InitMain();
0x01F4	0x21C6      	CALL       _InitMain
;linefollower.c,32 :: 		PWM1_Start();                       // start PWM1
0x01F5	0x21BE      	CALL       _PWM1_Start
;linefollower.c,33 :: 		PWM2_Start();                       // start PWM2
0x01F6	0x2189      	CALL       _PWM2_Start
;linefollower.c,34 :: 		PWM1_Set_Duty(0);        // Set current duty for PWM1
0x01F7	0x01AD      	CLRF       FARG_PWM1_Set_Duty_new_duty
0x01F8	0x206D      	CALL       _PWM1_Set_Duty
;linefollower.c,35 :: 		PWM2_Set_Duty(0);       // Set current duty for PWM2
0x01F9	0x01AD      	CLRF       FARG_PWM2_Set_Duty_new_duty
0x01FA	0x214D      	CALL       _PWM2_Set_Duty
;linefollower.c,36 :: 		RC3_bit = 0;            //I1
0x01FB	0x1187      	BCF        RC3_bit, 3
;linefollower.c,37 :: 		RC4_bit = 0;            //I2
0x01FC	0x1207      	BCF        RC4_bit, 4
;linefollower.c,39 :: 		RC6_bit = 0;            //I3
0x01FD	0x1307      	BCF        RC6_bit, 6
;linefollower.c,40 :: 		RC7_bit = 0;            //I4
0x01FE	0x1387      	BCF        RC7_bit, 7
;linefollower.c,66 :: 		while (1)
L_main0:
;linefollower.c,70 :: 		if((RD4_bit==0)&&(RD5_bit==1)&&(RD6_bit==1)&&(RD7_bit==0))
0x01FF	0x1A08      	BTFSC      RD4_bit, 4
0x0200	0x2A1D      	GOTO       L_main4
0x0201	0x1E88      	BTFSS      RD5_bit, 5
0x0202	0x2A1D      	GOTO       L_main4
0x0203	0x1F08      	BTFSS      RD6_bit, 6
0x0204	0x2A1D      	GOTO       L_main4
0x0205	0x1B88      	BTFSC      RD7_bit, 7
0x0206	0x2A1D      	GOTO       L_main4
L__main35:
;linefollower.c,72 :: 		RC3_bit = 1;
0x0207	0x1587      	BSF        RC3_bit, 3
;linefollower.c,73 :: 		RC4_bit = 0;
0x0208	0x1207      	BCF        RC4_bit, 4
;linefollower.c,75 :: 		RC6_bit = 1;
0x0209	0x1707      	BSF        RC6_bit, 6
;linefollower.c,76 :: 		RC7_bit = 0;
0x020A	0x1387      	BCF        RC7_bit, 7
;linefollower.c,77 :: 		speed(0.80,0.80);
0x020B	0x30CD      	MOVLW      205
0x020C	0x00A5      	MOVWF      FARG_speed_pwm1
0x020D	0x30CC      	MOVLW      204
0x020E	0x00A6      	MOVWF      FARG_speed_pwm1+1
0x020F	0x304C      	MOVLW      76
0x0210	0x00A7      	MOVWF      FARG_speed_pwm1+2
0x0211	0x307E      	MOVLW      126
0x0212	0x00A8      	MOVWF      FARG_speed_pwm1+3
0x0213	0x30CD      	MOVLW      205
0x0214	0x00A9      	MOVWF      FARG_speed_pwm2
0x0215	0x30CC      	MOVLW      204
0x0216	0x00AA      	MOVWF      FARG_speed_pwm2+1
0x0217	0x304C      	MOVLW      76
0x0218	0x00AB      	MOVWF      FARG_speed_pwm2+2
0x0219	0x307E      	MOVLW      126
0x021A	0x00AC      	MOVWF      FARG_speed_pwm2+3
0x021B	0x2191      	CALL       _speed
;linefollower.c,79 :: 		}
0x021C	0x2AEC      	GOTO       L_main5
L_main4:
;linefollower.c,82 :: 		else if((RD4_bit==1)&&(RD5_bit==1)&&(RD6_bit==0)&&(RD7_bit==0))
0x021D	0x1E08      	BTFSS      RD4_bit, 4
0x021E	0x2A3B      	GOTO       L_main8
0x021F	0x1E88      	BTFSS      RD5_bit, 5
0x0220	0x2A3B      	GOTO       L_main8
0x0221	0x1B08      	BTFSC      RD6_bit, 6
0x0222	0x2A3B      	GOTO       L_main8
0x0223	0x1B88      	BTFSC      RD7_bit, 7
0x0224	0x2A3B      	GOTO       L_main8
L__main34:
;linefollower.c,84 :: 		RC3_bit = 0;
0x0225	0x1187      	BCF        RC3_bit, 3
;linefollower.c,85 :: 		RC4_bit = 1;
0x0226	0x1607      	BSF        RC4_bit, 4
;linefollower.c,87 :: 		RC6_bit = 1;
0x0227	0x1707      	BSF        RC6_bit, 6
;linefollower.c,88 :: 		RC7_bit = 0;
0x0228	0x1387      	BCF        RC7_bit, 7
;linefollower.c,90 :: 		speed(0.50,0.80);
0x0229	0x3000      	MOVLW      0
0x022A	0x00A5      	MOVWF      FARG_speed_pwm1
0x022B	0x3000      	MOVLW      0
0x022C	0x00A6      	MOVWF      FARG_speed_pwm1+1
0x022D	0x3000      	MOVLW      0
0x022E	0x00A7      	MOVWF      FARG_speed_pwm1+2
0x022F	0x307E      	MOVLW      126
0x0230	0x00A8      	MOVWF      FARG_speed_pwm1+3
0x0231	0x30CD      	MOVLW      205
0x0232	0x00A9      	MOVWF      FARG_speed_pwm2
0x0233	0x30CC      	MOVLW      204
0x0234	0x00AA      	MOVWF      FARG_speed_pwm2+1
0x0235	0x304C      	MOVLW      76
0x0236	0x00AB      	MOVWF      FARG_speed_pwm2+2
0x0237	0x307E      	MOVLW      126
0x0238	0x00AC      	MOVWF      FARG_speed_pwm2+3
0x0239	0x2191      	CALL       _speed
;linefollower.c,91 :: 		}
0x023A	0x2AEC      	GOTO       L_main9
L_main8:
;linefollower.c,94 :: 		else if((RD4_bit==1)&&(RD5_bit==0)&&(RD6_bit==0)&&(RD7_bit==0))
0x023B	0x1E08      	BTFSS      RD4_bit, 4
0x023C	0x2A5D      	GOTO       L_main12
0x023D	0x1A88      	BTFSC      RD5_bit, 5
0x023E	0x2A5D      	GOTO       L_main12
0x023F	0x1B08      	BTFSC      RD6_bit, 6
0x0240	0x2A5D      	GOTO       L_main12
0x0241	0x1B88      	BTFSC      RD7_bit, 7
0x0242	0x2A5D      	GOTO       L_main12
L__main33:
;linefollower.c,96 :: 		RC3_bit = 0;
0x0243	0x1187      	BCF        RC3_bit, 3
;linefollower.c,97 :: 		RC4_bit = 1;
0x0244	0x1607      	BSF        RC4_bit, 4
;linefollower.c,99 :: 		RC6_bit = 1;
0x0245	0x1707      	BSF        RC6_bit, 6
;linefollower.c,100 :: 		RC7_bit = 0;
0x0246	0x1387      	BCF        RC7_bit, 7
;linefollower.c,102 :: 		speed(0.60,0.90);
0x0247	0x309A      	MOVLW      154
0x0248	0x00A5      	MOVWF      FARG_speed_pwm1
0x0249	0x3099      	MOVLW      153
0x024A	0x00A6      	MOVWF      FARG_speed_pwm1+1
0x024B	0x3019      	MOVLW      25
0x024C	0x00A7      	MOVWF      FARG_speed_pwm1+2
0x024D	0x307E      	MOVLW      126
0x024E	0x00A8      	MOVWF      FARG_speed_pwm1+3
0x024F	0x3066      	MOVLW      102
0x0250	0x00A9      	MOVWF      FARG_speed_pwm2
0x0251	0x3066      	MOVLW      102
0x0252	0x00AA      	MOVWF      FARG_speed_pwm2+1
0x0253	0x3066      	MOVLW      102
0x0254	0x00AB      	MOVWF      FARG_speed_pwm2+2
0x0255	0x307E      	MOVLW      126
0x0256	0x00AC      	MOVWF      FARG_speed_pwm2+3
0x0257	0x2191      	CALL       _speed
;linefollower.c,104 :: 		flag = 1;
0x0258	0x3001      	MOVLW      1
0x0259	0x00A3      	MOVWF      main_flag_L0
0x025A	0x3000      	MOVLW      0
0x025B	0x00A4      	MOVWF      main_flag_L0+1
;linefollower.c,105 :: 		}
0x025C	0x2AEC      	GOTO       L_main13
L_main12:
;linefollower.c,108 :: 		else if((RD4_bit==0)&&(RD5_bit==0)&&(RD6_bit==0)&&(RD7_bit==0)&&(flag==1))
0x025D	0x1A08      	BTFSC      RD4_bit, 4
0x025E	0x2A85      	GOTO       L_main16
0x025F	0x1A88      	BTFSC      RD5_bit, 5
0x0260	0x2A85      	GOTO       L_main16
0x0261	0x1B08      	BTFSC      RD6_bit, 6
0x0262	0x2A85      	GOTO       L_main16
0x0263	0x1B88      	BTFSC      RD7_bit, 7
0x0264	0x2A85      	GOTO       L_main16
0x0265	0x3000      	MOVLW      0
0x0266	0x0624      	XORWF      main_flag_L0+1, 0
0x0267	0x1D03      	BTFSS      STATUS, 2
0x0268	0x2A6B      	GOTO       L__main39
0x0269	0x3001      	MOVLW      1
0x026A	0x0623      	XORWF      main_flag_L0, 0
L__main39:
0x026B	0x1D03      	BTFSS      STATUS, 2
0x026C	0x2A85      	GOTO       L_main16
L__main32:
;linefollower.c,112 :: 		RC3_bit = 0;
0x026D	0x1187      	BCF        RC3_bit, 3
;linefollower.c,113 :: 		RC4_bit = 1;
0x026E	0x1607      	BSF        RC4_bit, 4
;linefollower.c,115 :: 		RC6_bit = 1;
0x026F	0x1707      	BSF        RC6_bit, 6
;linefollower.c,116 :: 		RC7_bit = 0;
0x0270	0x1387      	BCF        RC7_bit, 7
;linefollower.c,118 :: 		speed(0.70,0.95);
0x0271	0x3033      	MOVLW      51
0x0272	0x00A5      	MOVWF      FARG_speed_pwm1
0x0273	0x3033      	MOVLW      51
0x0274	0x00A6      	MOVWF      FARG_speed_pwm1+1
0x0275	0x3033      	MOVLW      51
0x0276	0x00A7      	MOVWF      FARG_speed_pwm1+2
0x0277	0x307E      	MOVLW      126
0x0278	0x00A8      	MOVWF      FARG_speed_pwm1+3
0x0279	0x3033      	MOVLW      51
0x027A	0x00A9      	MOVWF      FARG_speed_pwm2
0x027B	0x3033      	MOVLW      51
0x027C	0x00AA      	MOVWF      FARG_speed_pwm2+1
0x027D	0x3073      	MOVLW      115
0x027E	0x00AB      	MOVWF      FARG_speed_pwm2+2
0x027F	0x307E      	MOVLW      126
0x0280	0x00AC      	MOVWF      FARG_speed_pwm2+3
0x0281	0x2191      	CALL       _speed
;linefollower.c,119 :: 		flag = 0;
0x0282	0x01A3      	CLRF       main_flag_L0
0x0283	0x01A4      	CLRF       main_flag_L0+1
;linefollower.c,120 :: 		}
0x0284	0x2AEC      	GOTO       L_main17
L_main16:
;linefollower.c,123 :: 		else if((RD4_bit==0)&&(RD5_bit==0)&&(RD6_bit==1)&&(RD7_bit==1))
0x0285	0x1A08      	BTFSC      RD4_bit, 4
0x0286	0x2AA3      	GOTO       L_main20
0x0287	0x1A88      	BTFSC      RD5_bit, 5
0x0288	0x2AA3      	GOTO       L_main20
0x0289	0x1F08      	BTFSS      RD6_bit, 6
0x028A	0x2AA3      	GOTO       L_main20
0x028B	0x1F88      	BTFSS      RD7_bit, 7
0x028C	0x2AA3      	GOTO       L_main20
L__main31:
;linefollower.c,125 :: 		RC3_bit = 1;
0x028D	0x1587      	BSF        RC3_bit, 3
;linefollower.c,126 :: 		RC4_bit = 0;
0x028E	0x1207      	BCF        RC4_bit, 4
;linefollower.c,128 :: 		RC6_bit = 0;
0x028F	0x1307      	BCF        RC6_bit, 6
;linefollower.c,129 :: 		RC7_bit = 1;
0x0290	0x1787      	BSF        RC7_bit, 7
;linefollower.c,131 :: 		speed(0.80,0.50);
0x0291	0x30CD      	MOVLW      205
0x0292	0x00A5      	MOVWF      FARG_speed_pwm1
0x0293	0x30CC      	MOVLW      204
0x0294	0x00A6      	MOVWF      FARG_speed_pwm1+1
0x0295	0x304C      	MOVLW      76
0x0296	0x00A7      	MOVWF      FARG_speed_pwm1+2
0x0297	0x307E      	MOVLW      126
0x0298	0x00A8      	MOVWF      FARG_speed_pwm1+3
0x0299	0x3000      	MOVLW      0
0x029A	0x00A9      	MOVWF      FARG_speed_pwm2
0x029B	0x3000      	MOVLW      0
0x029C	0x00AA      	MOVWF      FARG_speed_pwm2+1
0x029D	0x3000      	MOVLW      0
0x029E	0x00AB      	MOVWF      FARG_speed_pwm2+2
0x029F	0x307E      	MOVLW      126
0x02A0	0x00AC      	MOVWF      FARG_speed_pwm2+3
0x02A1	0x2191      	CALL       _speed
;linefollower.c,132 :: 		}
0x02A2	0x2AEC      	GOTO       L_main21
L_main20:
;linefollower.c,135 :: 		else if((RD4_bit==0)&&(RD5_bit==0)&&(RD6_bit==0)&&(RD7_bit==1))
0x02A3	0x1A08      	BTFSC      RD4_bit, 4
0x02A4	0x2AC5      	GOTO       L_main24
0x02A5	0x1A88      	BTFSC      RD5_bit, 5
0x02A6	0x2AC5      	GOTO       L_main24
0x02A7	0x1B08      	BTFSC      RD6_bit, 6
0x02A8	0x2AC5      	GOTO       L_main24
0x02A9	0x1F88      	BTFSS      RD7_bit, 7
0x02AA	0x2AC5      	GOTO       L_main24
L__main30:
;linefollower.c,137 :: 		RC3_bit = 1;
0x02AB	0x1587      	BSF        RC3_bit, 3
;linefollower.c,138 :: 		RC4_bit = 0;
0x02AC	0x1207      	BCF        RC4_bit, 4
;linefollower.c,140 :: 		RC6_bit = 0;
0x02AD	0x1307      	BCF        RC6_bit, 6
;linefollower.c,141 :: 		RC7_bit = 1;
0x02AE	0x1787      	BSF        RC7_bit, 7
;linefollower.c,143 :: 		speed(0.90,0.60);
0x02AF	0x3066      	MOVLW      102
0x02B0	0x00A5      	MOVWF      FARG_speed_pwm1
0x02B1	0x3066      	MOVLW      102
0x02B2	0x00A6      	MOVWF      FARG_speed_pwm1+1
0x02B3	0x3066      	MOVLW      102
0x02B4	0x00A7      	MOVWF      FARG_speed_pwm1+2
0x02B5	0x307E      	MOVLW      126
0x02B6	0x00A8      	MOVWF      FARG_speed_pwm1+3
0x02B7	0x309A      	MOVLW      154
0x02B8	0x00A9      	MOVWF      FARG_speed_pwm2
0x02B9	0x3099      	MOVLW      153
0x02BA	0x00AA      	MOVWF      FARG_speed_pwm2+1
0x02BB	0x3019      	MOVLW      25
0x02BC	0x00AB      	MOVWF      FARG_speed_pwm2+2
0x02BD	0x307E      	MOVLW      126
0x02BE	0x00AC      	MOVWF      FARG_speed_pwm2+3
0x02BF	0x2191      	CALL       _speed
;linefollower.c,145 :: 		flag = 2;
0x02C0	0x3002      	MOVLW      2
0x02C1	0x00A3      	MOVWF      main_flag_L0
0x02C2	0x3000      	MOVLW      0
0x02C3	0x00A4      	MOVWF      main_flag_L0+1
;linefollower.c,146 :: 		}
0x02C4	0x2AEC      	GOTO       L_main25
L_main24:
;linefollower.c,149 :: 		else if((RD4_bit==0)&&(RD5_bit==0)&&(RD6_bit==0)&&(RD7_bit==0)&&(flag==2))
0x02C5	0x1A08      	BTFSC      RD4_bit, 4
0x02C6	0x2AEC      	GOTO       L_main28
0x02C7	0x1A88      	BTFSC      RD5_bit, 5
0x02C8	0x2AEC      	GOTO       L_main28
0x02C9	0x1B08      	BTFSC      RD6_bit, 6
0x02CA	0x2AEC      	GOTO       L_main28
0x02CB	0x1B88      	BTFSC      RD7_bit, 7
0x02CC	0x2AEC      	GOTO       L_main28
0x02CD	0x3000      	MOVLW      0
0x02CE	0x0624      	XORWF      main_flag_L0+1, 0
0x02CF	0x1D03      	BTFSS      STATUS, 2
0x02D0	0x2AD3      	GOTO       L__main40
0x02D1	0x3002      	MOVLW      2
0x02D2	0x0623      	XORWF      main_flag_L0, 0
L__main40:
0x02D3	0x1D03      	BTFSS      STATUS, 2
0x02D4	0x2AEC      	GOTO       L_main28
L__main29:
;linefollower.c,153 :: 		RC3_bit = 1;
0x02D5	0x1587      	BSF        RC3_bit, 3
;linefollower.c,154 :: 		RC4_bit = 0;
0x02D6	0x1207      	BCF        RC4_bit, 4
;linefollower.c,156 :: 		RC6_bit = 0;
0x02D7	0x1307      	BCF        RC6_bit, 6
;linefollower.c,157 :: 		RC7_bit = 1;
0x02D8	0x1787      	BSF        RC7_bit, 7
;linefollower.c,159 :: 		speed(0.95,0.70);
0x02D9	0x3033      	MOVLW      51
0x02DA	0x00A5      	MOVWF      FARG_speed_pwm1
0x02DB	0x3033      	MOVLW      51
0x02DC	0x00A6      	MOVWF      FARG_speed_pwm1+1
0x02DD	0x3073      	MOVLW      115
0x02DE	0x00A7      	MOVWF      FARG_speed_pwm1+2
0x02DF	0x307E      	MOVLW      126
0x02E0	0x00A8      	MOVWF      FARG_speed_pwm1+3
0x02E1	0x3033      	MOVLW      51
0x02E2	0x00A9      	MOVWF      FARG_speed_pwm2
0x02E3	0x3033      	MOVLW      51
0x02E4	0x00AA      	MOVWF      FARG_speed_pwm2+1
0x02E5	0x3033      	MOVLW      51
0x02E6	0x00AB      	MOVWF      FARG_speed_pwm2+2
0x02E7	0x307E      	MOVLW      126
0x02E8	0x00AC      	MOVWF      FARG_speed_pwm2+3
0x02E9	0x2191      	CALL       _speed
;linefollower.c,162 :: 		flag = 0;
0x02EA	0x01A3      	CLRF       main_flag_L0
0x02EB	0x01A4      	CLRF       main_flag_L0+1
;linefollower.c,163 :: 		}
L_main28:
L_main25:
L_main21:
L_main17:
L_main13:
L_main9:
L_main5:
;linefollower.c,165 :: 		}
0x02EC	0x29FF      	GOTO       L_main0
;linefollower.c,166 :: 		}
L_end_main:
0x02ED	0x2AED      	GOTO       $+0
; end of _main
Symbol List:
//** Routines locations **
//ADDRESS    SIZE    PROCEDURE
//----------------------------------------------
0x0003      [12]    _SETFOV32
0x000F      [43]    _Mul_16x16_U
0x003A       [7]    _RES032
0x0041      [12]    _SETFUN32
0x004D      [13]    _SETIOV3224
0x005A       [6]    _PWM2_Init
0x0060       [6]    _PWM1_Init
0x0066       [7]    _____DoICP
0x006D      [60]    _PWM1_Set_Duty
0x00A9      [67]    _Double2Byte
0x00EC      [97]    _Mul_32x32_FP
0x014D      [60]    _PWM2_Set_Duty
0x0189       [8]    _PWM2_Start
0x0191      [45]    _speed
0x01BE       [8]    _PWM1_Start
0x01C6      [30]    _InitMain
0x01E4      [12]    ___CC2DW
0x01F0     [254]    _main
//** Variables locations ** 
//ADDRESS    SIZE    VARIABLE
//----------------------------------------------
0x0000       [1]    INDF
0x0002       [1]    PCL
0x0003       [1]    STATUS
0x0004       [1]    FSR
0x0005       [1]    PORTA
0x0006       [1]    PORTB
0x0007       [0]    RC4_bit
0x0007       [0]    RC3_bit
0x0007       [1]    PORTC
0x0007       [0]    RC7_bit
0x0007       [0]    RC6_bit
0x0008       [1]    PORTD
0x0008       [0]    RD5_bit
0x0008       [0]    RD4_bit
0x0008       [0]    RD7_bit
0x0008       [0]    RD6_bit
0x0009       [1]    PORTE
0x000A       [1]    PCLATH
0x000B       [1]    INTCON
0x000C       [1]    PIR1
0x000D       [1]    PIR2
0x0010       [1]    T1CON
0x0012       [1]    T2CON
0x0014       [1]    SSPCON
0x0015       [1]    CCPR1L
0x0017       [1]    CCP1CON
0x0018       [1]    RCSTA
0x001B       [1]    CCPR2L
0x001D       [1]    CCP2CON
0x001F       [1]    ADCON0
0x0020       [1]    __math_tempbD
0x0021       [2]    ___DoICPAddr
0x0023       [2]    main_flag_L0
0x0025       [4]    FARG_speed_pwm1
0x0029       [4]    FARG_speed_pwm2
0x002D       [1]    FARG_PWM2_Set_Duty_new_duty
0x002D       [4]    FARG_PWM2_Init_PWM_Freq
0x002D       [4]    FARG_PWM1_Init_PWM_Freq
0x002D       [1]    FARG_PWM1_Set_Duty_new_duty
0x0070       [1]    R0
0x0071       [1]    R1
0x0072       [1]    R2
0x0073       [1]    R3
0x0074       [1]    R4
0x0075       [1]    R5
0x0076       [1]    R6
0x0077       [1]    R7
0x0078       [1]    R8
0x0079       [1]    R9
0x007A       [1]    R10
0x007B       [1]    R11
0x007C       [1]    R12
0x007D       [1]    R13
0x007E       [1]    R14
0x007F       [1]    R15
0x0081       [1]    OPTION_REG
0x0085       [1]    TRISA
0x0086       [1]    TRISB
0x0087       [0]    TRISC2_bit
0x0087       [0]    TRISC1_bit
0x0087       [1]    TRISC
0x0088       [1]    TRISD
0x0089       [1]    TRISE
0x008C       [1]    PIE1
0x008D       [1]    PIE2
0x008E       [1]    PCON
0x0091       [1]    SSPCON2
0x0092       [1]    PR2
0x0094       [1]    SSPSTAT
0x0098       [1]    TXSTA
0x009C       [1]    CMCON
0x009D       [1]    CVRCON
0x009F       [1]    ADCON1
0x018C       [1]    EECON1
//** Label List: ** 
//----------------------------------------------
  L_main0
  L_main1
  L_main2
  L_main3
  L_main4
  L_main5
  L_main6
  L_main7
  L_main8
  L_main9
  L_main10
  L_main11
  L_main12
  L_main13
  L_main14
  L_main15
  L_main16
  L_main17
  L_main18
  L_main19
  L_main20
  L_main21
  L_main22
  L_main23
  L_main24
  L_main25
  L_main26
  L_main27
  L_main28
  L__main29
  L__main30
  L__main31
  L__main32
  L__main33
  L__main34
  L__main35
  L_end_InitMain
  _InitMain
  L_end_speed
  _speed
  L_end_main
  _main
  L__main39
  L__main40
  L_end_P16F877A___?ag
  P16F877A____?ag
  L_Div_16x16_S0
  L_Div_16x16_S1
  LOOPS3232A
  SADD22LA
  SOK22LA
  SADD22L8
  SOK22L8
  LOOPS3232B
  SADD22LB
  SOK22LB
  SADD22L16
  SOK22L16
  LOOPS3232C
  SADD22LC
  SOK22LC
  SADD22L24
  SOK22L24
  LOOPS3232D
  SADD22LD
  SOK22LD
  SOK22L
  L_Div_32x32_S6
  L_Div_32x32_S7
  L_Div_32x32_S8
  L_Div_32x32_S9
  FXD3232S
  END_ALL
  CA3232S
  C3232SX
  C3232SX1
  C3232S
  C3232S2
  C3232SX4
  C3232SOK
  C3232SX3
  C3232SX2
  avoid_comfrem
  LOOPU3232A
  UADD22LA
  UOK22LA
  UADD22L8
  UOK22L8
  LOOPU3232B
  UADD22LB
  UOK22LB
  UADD22L16
  UOK22L16
  LOOPU3232C
  UADD22LC
  UOK22LC
  UADD22L24
  UOK22L24
  LOOPU3232D
  UADD22LD
  UOK22LD
  UOK22L
  _NEXT
  _EXIT2
  _LOOP
  _EXIT1
  _IF_FIRST
  _IF_SECOND
  _INVERCE_FIRST
  _MULT
  _INBERSE_SECOND
  _EXIT
  L_end_Mul_8x8_U
  _Mul_8x8_U
  L_end_Mul_16x16_U
  _Mul_16x16_U
  L_end_Div_8x8_U
  _Div_8x8_U
  L_end_Div_16x16_U
  _Div_16x16_U
  L_end_Mul_8x8_S
  _Mul_8x8_S
  L_end_Mul_16x16_S
  _Mul_16x16_S
  L_end_Div_16x16_S_L
  _Div_16x16_S_L
  L_end_Div_16x16_S
  _Div_16x16_S
  L_end_Div_8x8_S
  _Div_8x8_S
  L_end_SDIV3232L
  _SDIV3232L
  L_end_COMFREM
  _COMFREM
  L_end_Div_32x32_S
  _Div_32x32_S
  L_end_Div_32x32_U
  _Div_32x32_U
  L_end_Mul_32x32_U
  _Mul_32x32_U
  L_end_Mul_32x32_S
  _Mul_32x32_S
  SETFOV32EEE
  SETFUN32EEE
  NORM3232
  JPNRES032
  JPNSETFUN32
  NORM3232A
  JMPNFIXSIGN32
  NORM32EEE
  NRMRND4032
  NRM4032
  JMPSETFOV32
  NORM4032
  JMPRES032
  JMPSETFUN32
  NORM4032A
  JMPFIXSIGN32
  NRM4032EEE
  USEA32
  JMPEEE
  ALIGNED32
  ALIGNB32
  ALOOPB32
  AOK32
  ACOMP32
  JMPNRMRND4032
  ADD_JMPSETFOV32
  JMPNRM4032
  JMPNRM32
  ADD32EEE
  FPM32
  JPMRES032
  M32BNE0
  MTUN32
  JPMSETFOV32
  MOK32
  JPMSETFUN32
  MLOOP32
  MNOADD32
  MADD32
  MROUND32
  MUL32OK
  MUL32EEE
  L_Div_32x32_FP7
  L_Div_32x32_FP8
  L_Div_32x32_FP9
  L_Div_32x32_FP10
  FPD32
  JPDSETFDZ32
  JPDRES032
  D32BNE0
  TALIGN32
  TS1ALIGN32
  TS2ALIGN32
  DALIGN32OK
  ALTB32
  AGEB32
  JPDSETFOV32
  DARGOK32
  JPDSETFUN32
  DLOOP32
  DS132
  DS232
  DREST32
  DOK32
  DAREST32
  DROUND32
  DIV32OK
  DIV32EEE
  SETIOV3224EEE
  INT3232U
  INT3232UEOK
  SETEXP32U
  SETIOV32U
  TSHIFT3232U
  SHIFT3232UOK
  SHIFT3232U
  INT3232UOK
  JPLSETIOV3224
  IRES032U
  INT3232UEER
  INT3232UEEE
  L_Double2Longword_0
  INT3232
  INT3232EOK
  SETIOV32
  TSHIFT3232
  SHIFT3232OK
  SHIFT3232
  INT3232OK
  JPISETIOV3224
  IRES032
  INT3232EER
  INT3232EEE
  L_Double2Longint_0
  INT3216
  IRES016
  SETIOV16
  TSHIFT3216
  SHIFT3216OK
  SHIFT3216
  INT3216OK
  JPJSETIOV3224
  INT3216EOK
  INT3216EER
  INT3216EEE
  L_Double2Int_0
  INT3216U
  IRES016U
  SETEXP16U
  SETIOV16U
  TSHIFT3216U
  SHIFT3216UOK
  SHIFT3216U
  INT3216UOK
  JPKSETIOV3224
  INT3216UEOK
  INT3216UEER
  INT3216UEEE
  L_Double2Word_0
  INT32U08
  IRES008
  SETEXP08
  SETIOV08
  TSHIFT3208
  SHIFT3208OK
  SHIFT3208
  INT3208OK
  D2B_JPKSETIOV3224
  INT3208EOK
  INT3208EER
  INT3208EEE
  L_Double2Byte_0
  FLO08U32
  FLO1632
  FLO1632EEE
  FLO16U32
  FLO3232
  FLO3232EEE
  FLO32U32
  EQU_FALSE
  COMPARE_EQU
  COMPARE_NOTZERO
  COMPARE_XNOTZERO
  COMPARE_YNOTZERO
  COMPARE_LT
  COMPARE_GT
  COMPARE_TESTALL
  COMPARE_C1
  GT_FALSE
  GT_TRUE
  COMPARE_C2
  COMPARE_C3
  L_end_SETFOV32
  _SETFOV32
  L_end_SETFDZ32
  _SETFDZ32
  L_end_FIXSIGN32
  _FIXSIGN32
  L_end_RES032
  _RES032
  L_end_SETFUN32
  _SETFUN32
  L_end_NRM3232
  _NRM3232
  L_end_NRM4032
  _NRM4032
  L_end_Add_32x32_FP
  _Add_32x32_FP
  L_end_Sub_32x32_FP
  _Sub_32x32_FP
  L_end_Mul_32x32_FP
  _Mul_32x32_FP
  L_end_Div_32x32_FP
  _Div_32x32_FP
  L_end_SETIOV3224
  _SETIOV3224
  L_end_Double2Longword
  _Double2Longword
  L_end_Double2Longint
  _Double2Longint
  L_end_Double2Int
  _Double2Int
  L_end_Double2Word
  _Double2Word
  L_end_Double2Byte
  _Double2Byte
  L_end_Byte2Double
  _Byte2Double
  L_end_Int2Double
  _Int2Double
  L_end_Word2Double
  _Word2Double
  L_end_Longint2Double
  _Longint2Double
  L_end_Longword2Double
  _Longword2Double
  L_end_Equals_Double
  _Equals_Double
  L_end_Compare_Double
  _Compare_Double
  L_end_PWM2_Init
  _PWM2_Init
  L_end_PWM2_Set_Duty
  _PWM2_Set_Duty
  L__PWM2_Set_Duty2
  L__PWM2_Set_Duty3
  L__PWM2_Set_Duty4
  L__PWM2_Set_Duty5
  L_end_PWM2_Start
  _PWM2_Start
  L_end_PWM2_Stop
  _PWM2_Stop
  L_end_PWM1_Init
  _PWM1_Init
  L_end_PWM1_Set_Duty
  _PWM1_Set_Duty
  L__PWM1_Set_Duty10
  L__PWM1_Set_Duty11
  L__PWM1_Set_Duty12
  L__PWM1_Set_Duty13
  L_end_PWM1_Start
  _PWM1_Start
  L_end_PWM1_Stop
  _PWM1_Stop
  _CC2D_Loop1
  L_end_____DoICP
  _____DoICP
  L_end_____DoIFC
  _____DoIFC
  L_end___CC2DW
  ___CC2DW
  L_end_Swap
  _Swap
