0	1	mikroCPIC1618.exe -MSF -DBG -pP16F877A -RA -DL -O11111114 -fo8 -N"E:\OS Systems\Compressed\PWM\PWM\pwmsample.mcppi" -SP"C:\Users\Public\Documents\Mikroelektronika\mikroC PRO for PIC\defs\" -SP"C:\Users\Public\Documents\Mikroelektronika\mikroC PRO for PIC\Uses\P16\" -SP"E:\OS Systems\Compressed\PWM\PWM\" -SP"D:\Projects\PWM\" "linefollower.c" "__Lib_Math.mcl" "__Lib_MathDouble.mcl" "__Lib_System.mcl" "__Lib_Delays.mcl" "__Lib_CType.mcl" "__Lib_CString.mcl" "__Lib_CStdlib.mcl" "__Lib_CMath.mcl" "__Lib_MemManager.mcl" "__Lib_Conversions.mcl" "__Lib_Sprinti.mcl" "__Lib_Sprintl.mcl" "__Lib_Time.mcl" "__Lib_Trigonometry.mcl" "__Lib_Button.mcl" "__Lib_Keypad4x4.mcl" "__Lib_Manchester.mcl" "__Lib_OneWire.mcl" "__Lib_PS2.mcl" "__Lib_Sound.mcl" "__Lib_SoftI2C.mcl" "__Lib_SoftSPI.mcl" "__Lib_SoftUART.mcl" "__Lib_ADC_A_C.mcl" "__Lib_EEPROM.mcl" "__Lib_FLASH_RW.mcl" "__Lib_I2C_c34.mcl" "__Lib_PWM_c21.mcl" "__Lib_SPI_c345.mcl" "__Lib_UART_c67.mcl" "__Lib_PortExpander.mcl" "__Lib_CANSPI.mcl" "__Lib_CF.mcl" "__Lib_GlcdFonts.mcl" "__Lib_Glcd.mcl" "__Lib_LcdConsts.mcl" "__Lib_Lcd.mcl" "__Lib_RS485.mcl" "__Lib_S1D13700.mcl" "__Lib_T6963C.mcl" "__Lib_SPIGlcd.mcl" "__Lib_SPILcd.mcl" "__Lib_SPILcd8.mcl" "__Lib_SPIT6963C.mcl" "__Lib_EthEnc28j60.mcl" "__Lib_TFT.mcl" "__Lib_TouchPanel_TFT.mcl" "__Lib_EthEnc24j600.mcl" "__Lib_TouchPanel.mcl"	 
warning: 0	1501	Specified search path does not exist: 'D:\Projects\PWM'	 
hint: 0	1139	Available RAM: 352 [bytes], Available ROM: 8192 [bytes]	 
diagnostics: 0	122	Compilation Started	P16F877A.c
diagnostics: 662	123	Compiled Successfully	P16F877A.c
diagnostics: 0	122	Compilation Started	__Lib_Delays.c
diagnostics: 123	123	Compiled Successfully	__Lib_Delays.c
diagnostics: 0	122	Compilation Started	__Lib_MemManager.c
warning: 34	1508	Implicit conversion of int to ptr	__Lib_MemManager.c
warning: 38	1508	Implicit conversion of int to ptr	__Lib_MemManager.c
warning: 80	1508	Implicit conversion of int to ptr	__Lib_MemManager.c
warning: 86	1508	Implicit conversion of int to ptr	__Lib_MemManager.c
warning: 111	1508	Implicit conversion of int to ptr	__Lib_MemManager.c
warning: 126	1508	Implicit conversion of int to ptr	__Lib_MemManager.c
hint: 107	1163	Variable 'tryIt' has been declared, but not used	__Lib_MemManager.c
hint: 108	1163	Variable 'j' has been declared, but not used	__Lib_MemManager.c
hint: 109	1163	Variable 'addr' has been declared, but not used	__Lib_MemManager.c
hint: 109	1163	Variable 'lsize' has been declared, but not used	__Lib_MemManager.c
warning: 198	1508	Implicit conversion of int to ptr	__Lib_MemManager.c
diagnostics: 233	123	Compiled Successfully	__Lib_MemManager.c
diagnostics: 0	122	Compilation Started	__Lib_GlcdFonts.c
diagnostics: 1207	123	Compiled Successfully	__Lib_GlcdFonts.c
diagnostics: 0	126	All files Preprocessed in 63 ms	 
diagnostics: 0	122	Compilation Started	linefollower.c
diagnostics: 166	123	Compiled Successfully	linefollower.c
diagnostics: 0	127	All files Compiled in 109 ms	 
hint: 0	1144	Used RAM (bytes): 18 (5%)  Free RAM (bytes): 334 (95%)	Used RAM (bytes): 18 (5%)  Free RAM (bytes): 334 (95%)
hint: 0	1144	Used ROM (program words): 748 (9%)  Free ROM (program words): 7444 (91%)	Used ROM (program words): 748 (9%)  Free ROM (program words): 7444 (91%)
diagnostics: 0	125	Project Linked Successfully	pwmsample.mcppi
diagnostics: 0	128	Linked in 483 ms	 
diagnostics: 0	129	Project 'pwmsample.mcppi' completed: 1513 ms	 
diagnostics: 0	103	Finished successfully: 12 Dec 2014, 23:56:01	pwmsample.mcppi
